[ntest] form bytes=7026 sitekey=0x4AAAAAADpvM_lNoEdBJ3cR interactive=False
[sidecar] NET GET https://challenges.cloudflare.com/turnstile/v0/api.js
[sidecar] parent ready: readyState=complete cfEl=true apiJsBytes=67081
[sidecar] after api.js: turnstile=object iframes=0 scripts=10 msgL=1
[sidecar] explicit render -> cf-chl-widget-p95xg
[sidecar] iframes after render: ["https://challenges.cloudflare.com/cdn-cgi/challenge-platform/h/b/turnstile/f/ov2/av0/rch/p95xg/0x4AAAAAADpvM_lNoEdBJ3cR/auto/fbE/new/normal?lang=auto"]
[sidecar] NET GET https://challenges.cloudflare.com/cdn-cgi/challenge-platform/h/b/turnstile/f/ov2/av0/rch/p95xg/0x4AAAAAADpvM_lNoEdBJ3cR/
[sidecar] after write: iwin===contentWindow? true top!==self? true
[sidecar] iframe booted: https://challenges.cloudflare.com/cdn-cgi/challenge-platform/h/b/turnstile/f/ov2/av0/rch/p95xg/0x4AAAAAADpvM_lNoEdBJ3cR/auto/fbE/new/normal?lang=auto
[sidecar] MSG event=init
[sidecar] MSG event=init
[sidecar] MSG event=requestExtraParams
[sidecar] MSG event=extraParams
[sidecar] MSG event=translationInit
[sidecar] MSG event=execute
[sidecar] NET POST /cdn-cgi/challenge-platform/h/b/flow/ov1/2568474278:1782640823:9JvsDq4AHp2kGxjQRSBeoYUhGFVifnnGm7j-I__Lg8c/a12c057a78be1
[sidecar] iframe state @2s: _cf_chl_opt=72keys lHnIp5=object body=true bodyShadow=false msgL=3
[sidecar] chlopt dumped
[sidecar] MSG event=overrunBegin
[ntest] CaptchaTimeoutError: no token within 12000ms; iframes booted=1
