[ntest] form bytes=7027 sitekey=0x4AAAAAADpvM_lNoEdBJ3cR interactive=False
[sidecar] NET GET https://challenges.cloudflare.com/turnstile/v0/api.js
[sidecar] parent ready: readyState=complete cfEl=true apiJsBytes=67081
[sidecar] after api.js: turnstile=object iframes=0 scripts=10 msgL=1
[sidecar] explicit render -> cf-chl-widget-qs9ar
[sidecar] iframes after render: ["https://challenges.cloudflare.com/cdn-cgi/challenge-platform/h/b/turnstile/f/ov2/av0/rch/qs9ar/0x4AAAAAADpvM_lNoEdBJ3cR/auto/fbE/new/normal?lang=auto"]
[sidecar] NET GET https://challenges.cloudflare.com/cdn-cgi/challenge-platform/h/b/turnstile/f/ov2/av0/rch/qs9ar/0x4AAAAAADpvM_lNoEdBJ3cR/
[sidecar] after write: iwin===contentWindow? true top!==self? true
[sidecar] iframe booted: https://challenges.cloudflare.com/cdn-cgi/challenge-platform/h/b/turnstile/f/ov2/av0/rch/qs9ar/0x4AAAAAADpvM_lNoEdBJ3cR/auto/fbE/new/normal?lang=auto
[sidecar] MSG event=init
[sidecar] MSG event=init
[sidecar] MSG event=requestExtraParams
[sidecar] MSG event=extraParams
[sidecar] MSG event=translationInit
[sidecar] MSG event=execute
[sidecar] NET POST /cdn-cgi/challenge-platform/h/b/flow/ov1/1729053412:1782604824:KtZT5JTOKYJDq5AHbvox6caC9TfpCCXaSY_uYtI42lk/a128c3199af80
[sidecar] iframe state @2s: _cf_chl_opt=72keys lHnIp5=object body=true bodyShadow=false msgL=3
[sidecar] MSG event=overrunBegin
[sidecar] MSG event=forceFail
[sidecar] MSG event=interactiveEnd
[sidecar] MSG event=overrunEnd
[sidecar] [PARENT] jsdomError: TurnstileError: [Cloudflare Turnstile] Error: 300031.
    at h (https://sistemas-renavam.detran.pa.gov.br/sistransito/detran-web/servicos/infracao/indexConsultaInfracao.jsf:1:10125)
    at Object.R [as internalMsgHandler] (https://sistemas-renavam.detran.pa.gov.br/sistransito/detran-web/servicos/infracao/indexConsultaInfracao.jsf:1:52631)
    at da (https://sistemas-renavam.detran.pa.gov.br/sistransito/detran-web/servicos/infracao/indexConsultaInfracao.jsf:1:24272)
    at https://sistemas-renavam.detran.pa.gov.br/sistransito/detran-web/servicos/infracao/indexConsultaInfracao.jsf:1:24893
    at Timeout.task [as _onTimeout] (/home/caovilla/Projects/crawlerkit/crawlerkit/core/captcha/_turnstile/sidecar/node_modules/jsdom/lib/jsdom/browser/Window.js:579:19)
    at listOnTimeout (node:internal/timers:605:17)
    at process.processTimers (node:internal/timers:541:7)
[ntest] CaptchaTimeoutError: no token within 70000ms; iframes booted=1
