[tls] form status=200 bytes=7026
[tls] sitekey=0x4AAAAAADpvM_lNoEdBJ3cR interactive=False
[tls] challenge engine client=chrome_138
[sidecar] NET GET https://challenges.cloudflare.com/turnstile/v0/api.js
[sidecar] parent ready: readyState=complete cfEl=true apiJsBytes=67081
[sidecar] after api.js: turnstile=object iframes=0 scripts=10 msgL=1
[sidecar] explicit render -> cf-chl-widget-6cx7i
[sidecar] iframes after render: ["https://challenges.cloudflare.com/cdn-cgi/challenge-platform/h/b/turnstile/f/ov2/av0/rch/6cx7i/0x4AAAAAADpvM_lNoEdBJ3cR/auto/fbE/new/normal?lang=auto"]
[sidecar] NET GET https://challenges.cloudflare.com/cdn-cgi/challenge-platform/h/b/turnstile/f/ov2/av0/rch/6cx7i/0x4AAAAAADpvM_lNoEdBJ3cR/
[sidecar] after write: iwin===contentWindow? true top!==self? true
[sidecar] iframe booted: https://challenges.cloudflare.com/cdn-cgi/challenge-platform/h/b/turnstile/f/ov2/av0/rch/6cx7i/0x4AAAAAADpvM_lNoEdBJ3cR/auto/fbE/new/normal?lang=auto
[sidecar] MSG event=init
[sidecar] MSG event=init
[sidecar] MSG event=requestExtraParams
[sidecar] MSG event=extraParams
[sidecar] MSG event=translationInit
[sidecar] MSG event=execute
[sidecar] NET POST /cdn-cgi/challenge-platform/h/b/flow/ov1/3440530074:1782619217:x-MOL_F5Lt0JPeQ4AebNitSCo6qccICQkidXW_aDoxM/a129f3a27b408
[sidecar] iframe state @2s: _cf_chl_opt=72keys lHnIp5=object body=true bodyShadow=false msgL=3
[sidecar] MSG event=overrunBegin
[tls] CaptchaTimeoutError: no token within 20000ms; iframes booted=1
